<component name="libraryTable">
  <library name="junit4">
    <CLASSES>
      <root url="file://C:/Program Files/Java/junit4" />
    </CLASSES>
    <JAVADOC />
    <SOURCES />
    <jarDirectory url="file://C:/Program Files/Java/junit4" recursive="false" />
  </library>
</component>